c:\users\public\repos\enginexforstudent\outgame\vc143.pdb
c:\users\public\repos\enginexforstudent\outgame\vc143.idb
c:\users\public\repos\enginexforstudent\outgame\ticksystem.obj
c:\users\public\repos\enginexforstudent\outgame\renderingsystem.obj
c:\users\public\repos\enginexforstudent\outgame\physycssystem.obj
c:\users\public\repos\enginexforstudent\outgame\physicscomponent.obj
c:\users\public\repos\enginexforstudent\outgame\circlerendercomponent.obj
c:\users\public\repos\enginexforstudent\outgame\rendercomponent.obj
c:\users\public\repos\enginexforstudent\outgame\transformcomponent.obj
c:\users\public\repos\enginexforstudent\outgame\main.obj
c:\users\public\repos\enginexforstudent\outgame\game.obj
c:\users\public\repos\enginexforstudent\outgame\squarerendercomponent.obj
c:\users\public\repos\enginexforstudent\outgame\circlecollidercomponent.obj
c:\users\public\repos\enginexforstudent\outgame\component.obj
c:\users\public\repos\enginexforstudent\outgame\square.obj
c:\users\public\repos\enginexforstudent\outgame\ball.obj
c:\users\public\repos\enginexforstudent\outgame\actor.obj
c:\users\public\repos\enginexforstudent\outgame\player.obj
c:\users\public\repos\enginexforstudent\build\gameenginexd.exe
c:\users\public\repos\enginexforstudent\build\gameenginexd.pdb
c:\users\public\repos\enginexforstudent\outgame\gameenginexd.ilk
c:\users\public\repos\enginexforstudent\outgame\gameenginex.tlog\cl.command.1.tlog
c:\users\public\repos\enginexforstudent\outgame\gameenginex.tlog\cl.items.tlog
c:\users\public\repos\enginexforstudent\outgame\gameenginex.tlog\cl.read.1.tlog
c:\users\public\repos\enginexforstudent\outgame\gameenginex.tlog\cl.write.1.tlog
c:\users\public\repos\enginexforstudent\outgame\gameenginex.tlog\link.command.1.tlog
c:\users\public\repos\enginexforstudent\outgame\gameenginex.tlog\link.read.1.tlog
c:\users\public\repos\enginexforstudent\outgame\gameenginex.tlog\link.secondary.1.tlog
c:\users\public\repos\enginexforstudent\outgame\gameenginex.tlog\link.write.1.tlog
